Tue Jan 12 16:44:03 CST 2016 - performed inventory of /cms/store/hidata/HIRun2015/ with exit code 0
Wed Jan 13 00:00:31 CST 2016 - performed inventory of /cms/store/hidata/HIRun2015/ with exit code 0
Wed Jan 13 08:08:16 CST 2016 - performed inventory of /cms/store/hidata/HIRun2015/ with exit code 0
Wed Jan 13 16:08:18 CST 2016 - performed inventory of /cms/store/hidata/HIRun2015/ with exit code 0
Thu Jan 14 00:08:16 CST 2016 - performed inventory of /cms/store/hidata/HIRun2015/ with exit code 0
Thu Jan 14 08:08:19 CST 2016 - performed inventory of /cms/store/hidata/HIRun2015/ with exit code 0
Thu Jan 14 16:08:18 CST 2016 - performed inventory of /cms/store/hidata/HIRun2015/ with exit code 0
Fri Jan 15 00:08:18 CST 2016 - performed inventory of /cms/store/hidata/HIRun2015/ with exit code 0
Fri Jan 15 08:08:19 CST 2016 - performed inventory of /cms/store/hidata/HIRun2015/ with exit code 0
Fri Jan 15 16:08:18 CST 2016 - performed inventory of /cms/store/hidata/HIRun2015/ with exit code 0
Sat Jan 16 00:08:25 CST 2016 - performed inventory of /cms/store/hidata/HIRun2015/ with exit code 0
Sat Jan 16 08:08:19 CST 2016 - performed inventory of /cms/store/hidata/HIRun2015/ with exit code 0
Sat Jan 16 16:08:20 CST 2016 - performed inventory of /cms/store/hidata/HIRun2015/ with exit code 0
Sun Jan 17 00:08:21 CST 2016 - performed inventory of /cms/store/hidata/HIRun2015/ with exit code 0
Sun Jan 17 08:08:23 CST 2016 - performed inventory of /cms/store/hidata/HIRun2015/ with exit code 0
Sun Jan 17 16:36:38 CST 2016 - performed inventory of /cms/store/hidata/HIRun2015/ with exit code 0
Mon Jan 18 00:08:20 CST 2016 - performed inventory of /cms/store/hidata/HIRun2015/ with exit code 0
Mon Jan 18 08:08:18 CST 2016 - performed inventory of /cms/store/hidata/HIRun2015/ with exit code 0
Mon Jan 18 16:08:23 CST 2016 - performed inventory of /cms/store/hidata/HIRun2015/ with exit code 0
Tue Jan 19 00:08:27 CST 2016 - performed inventory of /cms/store/hidata/HIRun2015/ with exit code 0
Tue Jan 19 08:08:28 CST 2016 - performed inventory of /cms/store/hidata/HIRun2015/ with exit code 0
Tue Jan 19 16:08:27 CST 2016 - performed inventory of /cms/store/hidata/HIRun2015/ with exit code 0
Wed Jan 20 00:08:32 CST 2016 - performed inventory of /cms/store/hidata/HIRun2015/ with exit code 0
Wed Jan 20 08:08:26 CST 2016 - performed inventory of /cms/store/hidata/HIRun2015/ with exit code 0
Wed Jan 20 16:08:21 CST 2016 - performed inventory of /cms/store/hidata/HIRun2015/ with exit code 0
Thu Jan 21 00:08:20 CST 2016 - performed inventory of /cms/store/hidata/HIRun2015/ with exit code 0
Thu Jan 21 08:08:21 CST 2016 - performed inventory of /cms/store/hidata/HIRun2015/ with exit code 0
Thu Jan 21 16:08:21 CST 2016 - performed inventory of /cms/store/hidata/HIRun2015/ with exit code 0
Fri Jan 22 00:08:29 CST 2016 - performed inventory of /cms/store/hidata/HIRun2015/ with exit code 0
Fri Jan 22 08:08:20 CST 2016 - performed inventory of /cms/store/hidata/HIRun2015/ with exit code 0
Fri Jan 22 16:08:21 CST 2016 - performed inventory of /cms/store/hidata/HIRun2015/ with exit code 0
Sat Jan 23 00:08:21 CST 2016 - performed inventory of /cms/store/hidata/HIRun2015/ with exit code 0
Sat Jan 23 08:08:19 CST 2016 - performed inventory of /cms/store/hidata/HIRun2015/ with exit code 0
Sat Jan 23 16:08:20 CST 2016 - performed inventory of /cms/store/hidata/HIRun2015/ with exit code 0
Sun Jan 24 00:08:21 CST 2016 - performed inventory of /cms/store/hidata/HIRun2015/ with exit code 0
Sun Jan 24 08:08:20 CST 2016 - performed inventory of /cms/store/hidata/HIRun2015/ with exit code 0
Sun Jan 24 16:08:21 CST 2016 - performed inventory of /cms/store/hidata/HIRun2015/ with exit code 0
Mon Jan 25 00:08:19 CST 2016 - performed inventory of /cms/store/hidata/HIRun2015/ with exit code 0
Mon Jan 25 08:08:26 CST 2016 - performed inventory of /cms/store/hidata/HIRun2015/ with exit code 0
Mon Jan 25 16:08:21 CST 2016 - performed inventory of /cms/store/hidata/HIRun2015/ with exit code 0
Tue Jan 26 00:08:21 CST 2016 - performed inventory of /cms/store/hidata/HIRun2015/ with exit code 0
Tue Jan 26 08:08:21 CST 2016 - performed inventory of /cms/store/hidata/HIRun2015/ with exit code 0
Tue Jan 26 16:08:21 CST 2016 - performed inventory of /cms/store/hidata/HIRun2015/ with exit code 0
Wed Jan 27 00:08:22 CST 2016 - performed inventory of /cms/store/hidata/HIRun2015/ with exit code 0
Wed Jan 27 08:08:27 CST 2016 - performed inventory of /cms/store/hidata/HIRun2015/ with exit code 0
