Thu Dec  3 13:06:00 CST 2015 - performed inventory of /cms/store/ with exit code 0
Thu Dec  3 16:04:24 CST 2015 - performed inventory of /cms/store/ with exit code 0
Fri Dec  4 00:03:43 CST 2015 - performed inventory of /cms/store/ with exit code 0
Fri Dec  4 08:07:11 CST 2015 - performed inventory of /cms/store/ with exit code 0
Fri Dec  4 16:07:18 CST 2015 - performed inventory of /cms/store/ with exit code 0
Sat Dec  5 00:03:55 CST 2015 - performed inventory of /cms/store/ with exit code 0
Sat Dec  5 07:30:08 CST 2015 - performed inventory of /cms/store/ with exit code 0
Sat Dec  5 08:03:59 CST 2015 - performed inventory of /cms/store/ with exit code 0
Sat Dec  5 16:06:00 CST 2015 - performed inventory of /cms/store/ with exit code 0
Sun Dec  6 00:03:22 CST 2015 - performed inventory of /cms/store/ with exit code 0
Sun Dec  6 08:06:11 CST 2015 - performed inventory of /cms/store/ with exit code 0
Sun Dec  6 16:03:54 CST 2015 - performed inventory of /cms/store/ with exit code 0
Mon Dec  7 00:03:32 CST 2015 - performed inventory of /cms/store/ with exit code 0
Mon Dec  7 08:03:48 CST 2015 - performed inventory of /cms/store/ with exit code 0
Mon Dec  7 16:03:37 CST 2015 - performed inventory of /cms/store/ with exit code 0
Tue Dec  8 00:03:29 CST 2015 - performed inventory of /cms/store/ with exit code 0
Tue Dec  8 08:04:20 CST 2015 - performed inventory of /cms/store/ with exit code 0
Tue Dec  8 16:04:05 CST 2015 - performed inventory of /cms/store/ with exit code 0
Wed Dec  9 00:03:25 CST 2015 - performed inventory of /cms/store/ with exit code 0
Wed Dec  9 08:08:54 CST 2015 - performed inventory of /cms/store/ with exit code 0
Wed Dec  9 16:06:40 CST 2015 - performed inventory of /cms/store/ with exit code 0
Thu Dec 10 00:03:14 CST 2015 - performed inventory of /cms/store/ with exit code 0
Thu Dec 10 08:04:41 CST 2015 - performed inventory of /cms/store/ with exit code 0
Thu Dec 10 16:14:01 CST 2015 - performed inventory of /cms/store/ with exit code 0
Fri Dec 11 00:03:26 CST 2015 - performed inventory of /cms/store/ with exit code 0
Fri Dec 11 08:14:24 CST 2015 - performed inventory of /cms/store/ with exit code 0
Fri Dec 11 16:07:48 CST 2015 - performed inventory of /cms/store/ with exit code 0
Sat Dec 12 00:03:29 CST 2015 - performed inventory of /cms/store/ with exit code 0
Sat Dec 12 08:15:06 CST 2015 - performed inventory of /cms/store/ with exit code 0
Sat Dec 12 16:17:41 CST 2015 - performed inventory of /cms/store/ with exit code 0
Sun Dec 13 00:03:32 CST 2015 - performed inventory of /cms/store/ with exit code 0
Sun Dec 13 08:09:27 CST 2015 - performed inventory of /cms/store/ with exit code 0
Sun Dec 13 16:09:38 CST 2015 - performed inventory of /cms/store/ with exit code 0
Mon Dec 14 00:03:46 CST 2015 - performed inventory of /cms/store/ with exit code 0
Mon Dec 14 08:10:27 CST 2015 - performed inventory of /cms/store/ with exit code 0
Mon Dec 14 16:09:43 CST 2015 - performed inventory of /cms/store/ with exit code 0
Tue Dec 15 00:03:38 CST 2015 - performed inventory of /cms/store/ with exit code 0
Tue Dec 15 08:08:23 CST 2015 - performed inventory of /cms/store/ with exit code 0
Tue Dec 15 16:05:06 CST 2015 - performed inventory of /cms/store/ with exit code 0
Wed Dec 16 00:03:33 CST 2015 - performed inventory of /cms/store/ with exit code 0
Wed Dec 16 08:06:27 CST 2015 - performed inventory of /cms/store/ with exit code 0
Wed Dec 16 16:07:46 CST 2015 - performed inventory of /cms/store/ with exit code 0
Thu Dec 17 00:03:41 CST 2015 - performed inventory of /cms/store/ with exit code 0
Thu Dec 17 08:12:33 CST 2015 - performed inventory of /cms/store/ with exit code 0
Thu Dec 17 16:11:10 CST 2015 - performed inventory of /cms/store/ with exit code 0
Fri Dec 18 00:03:54 CST 2015 - performed inventory of /cms/store/ with exit code 0
Fri Dec 18 08:07:38 CST 2015 - performed inventory of /cms/store/ with exit code 0
Fri Dec 18 16:13:46 CST 2015 - performed inventory of /cms/store/ with exit code 0
Sat Dec 19 00:03:44 CST 2015 - performed inventory of /cms/store/ with exit code 0
Sat Dec 19 08:12:20 CST 2015 - performed inventory of /cms/store/ with exit code 0
Sat Dec 19 16:05:31 CST 2015 - performed inventory of /cms/store/ with exit code 0
Sun Dec 20 00:03:43 CST 2015 - performed inventory of /cms/store/ with exit code 0
Sun Dec 20 08:09:53 CST 2015 - performed inventory of /cms/store/ with exit code 0
Sun Dec 20 16:03:31 CST 2015 - performed inventory of /cms/store/ with exit code 0
Mon Dec 21 00:03:56 CST 2015 - performed inventory of /cms/store/ with exit code 0
Mon Dec 21 08:12:59 CST 2015 - performed inventory of /cms/store/ with exit code 0
Mon Dec 21 16:15:10 CST 2015 - performed inventory of /cms/store/ with exit code 0
Tue Dec 22 00:03:42 CST 2015 - performed inventory of /cms/store/ with exit code 0
Tue Dec 22 08:16:40 CST 2015 - performed inventory of /cms/store/ with exit code 0
Tue Dec 22 16:11:48 CST 2015 - performed inventory of /cms/store/ with exit code 0
Wed Dec 23 00:03:34 CST 2015 - performed inventory of /cms/store/ with exit code 0
Wed Dec 23 08:14:46 CST 2015 - performed inventory of /cms/store/ with exit code 0
Wed Dec 23 16:12:49 CST 2015 - performed inventory of /cms/store/ with exit code 0
Thu Dec 24 00:03:41 CST 2015 - performed inventory of /cms/store/ with exit code 0
Thu Dec 24 08:06:21 CST 2015 - performed inventory of /cms/store/ with exit code 0
Thu Dec 24 16:04:04 CST 2015 - performed inventory of /cms/store/ with exit code 0
Fri Dec 25 00:03:41 CST 2015 - performed inventory of /cms/store/ with exit code 0
Fri Dec 25 08:12:45 CST 2015 - performed inventory of /cms/store/ with exit code 0
Fri Dec 25 16:12:19 CST 2015 - performed inventory of /cms/store/ with exit code 0
Sat Dec 26 00:03:54 CST 2015 - performed inventory of /cms/store/ with exit code 0
Sat Dec 26 08:16:09 CST 2015 - performed inventory of /cms/store/ with exit code 0
Sat Dec 26 16:07:51 CST 2015 - performed inventory of /cms/store/ with exit code 0
Sun Dec 27 00:03:44 CST 2015 - performed inventory of /cms/store/ with exit code 0
Sun Dec 27 08:04:56 CST 2015 - performed inventory of /cms/store/ with exit code 0
Sun Dec 27 16:11:10 CST 2015 - performed inventory of /cms/store/ with exit code 0
Mon Dec 28 00:03:56 CST 2015 - performed inventory of /cms/store/ with exit code 0
Mon Dec 28 08:15:33 CST 2015 - performed inventory of /cms/store/ with exit code 0
Mon Dec 28 16:23:41 CST 2015 - performed inventory of /cms/store/ with exit code 0
Tue Dec 29 00:03:52 CST 2015 - performed inventory of /cms/store/ with exit code 0
Tue Dec 29 08:16:04 CST 2015 - performed inventory of /cms/store/ with exit code 0
Tue Dec 29 16:19:37 CST 2015 - performed inventory of /cms/store/ with exit code 0
Wed Dec 30 00:03:46 CST 2015 - performed inventory of /cms/store/ with exit code 0
Wed Dec 30 08:10:22 CST 2015 - performed inventory of /cms/store/ with exit code 0
Wed Dec 30 16:10:05 CST 2015 - performed inventory of /cms/store/ with exit code 0
Thu Dec 31 00:04:04 CST 2015 - performed inventory of /cms/store/ with exit code 0
Thu Dec 31 08:12:11 CST 2015 - performed inventory of /cms/store/ with exit code 0
Thu Dec 31 16:17:01 CST 2015 - performed inventory of /cms/store/ with exit code 0
Fri Jan  1 00:04:12 CST 2016 - performed inventory of /cms/store/ with exit code 0
Fri Jan  1 08:16:10 CST 2016 - performed inventory of /cms/store/ with exit code 0
Fri Jan  1 16:17:23 CST 2016 - performed inventory of /cms/store/ with exit code 0
Sat Jan  2 00:04:01 CST 2016 - performed inventory of /cms/store/ with exit code 0
Sat Jan  2 08:13:44 CST 2016 - performed inventory of /cms/store/ with exit code 0
Sat Jan  2 16:18:25 CST 2016 - performed inventory of /cms/store/ with exit code 0
Sun Jan  3 00:03:55 CST 2016 - performed inventory of /cms/store/ with exit code 0
Sun Jan  3 08:07:51 CST 2016 - performed inventory of /cms/store/ with exit code 0
Sun Jan  3 16:21:28 CST 2016 - performed inventory of /cms/store/ with exit code 0
Mon Jan  4 00:03:56 CST 2016 - performed inventory of /cms/store/ with exit code 0
Mon Jan  4 08:13:48 CST 2016 - performed inventory of /cms/store/ with exit code 0
Mon Jan  4 16:00:26 CST 2016 - performed inventory of /cms/store/ with exit code 5
Mon Jan  4 16:05:50 CST 2016 - Retry 1: /cms/store/ with exit code 5
Mon Jan  4 16:11:15 CST 2016 - Retry 2: /cms/store/ with exit code 5
Tue Jan  5 00:03:47 CST 2016 - performed inventory of /cms/store/ with exit code 0
Tue Jan  5 08:04:51 CST 2016 - performed inventory of /cms/store/ with exit code 0
Tue Jan  5 16:10:33 CST 2016 - performed inventory of /cms/store/ with exit code 0
Wed Jan  6 00:05:03 CST 2016 - performed inventory of /cms/store/ with exit code 0
Wed Jan  6 16:11:16 CST 2016 - performed inventory of /cms/store/ with exit code 0
Thu Jan  7 00:03:25 CST 2016 - performed inventory of /cms/store/ with exit code 0
Thu Jan  7 08:09:50 CST 2016 - performed inventory of /cms/store/ with exit code 0
Thu Jan  7 16:08:44 CST 2016 - performed inventory of /cms/store/ with exit code 0
Fri Jan  8 00:04:50 CST 2016 - performed inventory of /cms/store/ with exit code 0
Fri Jan  8 08:09:44 CST 2016 - performed inventory of /cms/store/ with exit code 0
Fri Jan  8 16:11:49 CST 2016 - performed inventory of /cms/store/ with exit code 0
Sat Jan  9 00:04:36 CST 2016 - performed inventory of /cms/store/ with exit code 0
Sat Jan  9 08:10:43 CST 2016 - performed inventory of /cms/store/ with exit code 0
Sat Jan  9 16:09:12 CST 2016 - performed inventory of /cms/store/ with exit code 0
Sun Jan 10 00:04:18 CST 2016 - performed inventory of /cms/store/ with exit code 0
Sun Jan 10 08:11:48 CST 2016 - performed inventory of /cms/store/ with exit code 0
Sun Jan 10 16:13:02 CST 2016 - performed inventory of /cms/store/ with exit code 0
Mon Jan 11 00:03:12 CST 2016 - performed inventory of /cms/store/ with exit code 0
Mon Jan 11 08:10:30 CST 2016 - performed inventory of /cms/store/ with exit code 0
Mon Jan 11 16:10:20 CST 2016 - performed inventory of /cms/store/ with exit code 0
Tue Jan 12 00:03:34 CST 2016 - performed inventory of /cms/store/ with exit code 0
Tue Jan 12 08:10:47 CST 2016 - performed inventory of /cms/store/ with exit code 0
Tue Jan 12 16:10:24 CST 2016 - performed inventory of /cms/store/ with exit code 0
Wed Jan 13 00:05:48 CST 2016 - performed inventory of /cms/store/ with exit code 0
Wed Jan 13 08:15:32 CST 2016 - performed inventory of /cms/store/ with exit code 0
Wed Jan 13 16:14:51 CST 2016 - performed inventory of /cms/store/ with exit code 0
Thu Jan 14 00:07:47 CST 2016 - performed inventory of /cms/store/ with exit code 0
Thu Jan 14 08:15:32 CST 2016 - performed inventory of /cms/store/ with exit code 0
Thu Jan 14 16:13:09 CST 2016 - performed inventory of /cms/store/ with exit code 0
Fri Jan 15 00:12:42 CST 2016 - performed inventory of /cms/store/ with exit code 0
Fri Jan 15 08:15:25 CST 2016 - performed inventory of /cms/store/ with exit code 0
Fri Jan 15 16:12:41 CST 2016 - performed inventory of /cms/store/ with exit code 0
Sat Jan 16 00:08:47 CST 2016 - performed inventory of /cms/store/ with exit code 0
Sat Jan 16 08:15:09 CST 2016 - performed inventory of /cms/store/ with exit code 0
Sat Jan 16 16:13:37 CST 2016 - performed inventory of /cms/store/ with exit code 0
Sun Jan 17 00:10:00 CST 2016 - performed inventory of /cms/store/ with exit code 0
Sun Jan 17 08:15:42 CST 2016 - performed inventory of /cms/store/ with exit code 0
Sun Jan 17 16:46:31 CST 2016 - performed inventory of /cms/store/ with exit code 0
Mon Jan 18 00:11:01 CST 2016 - performed inventory of /cms/store/ with exit code 0
Mon Jan 18 08:14:40 CST 2016 - performed inventory of /cms/store/ with exit code 0
Mon Jan 18 16:12:55 CST 2016 - performed inventory of /cms/store/ with exit code 0
Tue Jan 19 00:08:07 CST 2016 - performed inventory of /cms/store/ with exit code 0
Tue Jan 19 08:14:41 CST 2016 - performed inventory of /cms/store/ with exit code 0
Tue Jan 19 16:13:10 CST 2016 - performed inventory of /cms/store/ with exit code 0
Wed Jan 20 00:09:12 CST 2016 - performed inventory of /cms/store/ with exit code 0
Wed Jan 20 08:13:53 CST 2016 - performed inventory of /cms/store/ with exit code 0
Wed Jan 20 16:14:40 CST 2016 - performed inventory of /cms/store/ with exit code 0
Thu Jan 21 00:12:22 CST 2016 - performed inventory of /cms/store/ with exit code 0
Thu Jan 21 08:10:24 CST 2016 - performed inventory of /cms/store/ with exit code 0
Thu Jan 21 16:13:55 CST 2016 - performed inventory of /cms/store/ with exit code 0
Fri Jan 22 00:11:20 CST 2016 - performed inventory of /cms/store/ with exit code 0
Fri Jan 22 08:14:04 CST 2016 - performed inventory of /cms/store/ with exit code 0
Fri Jan 22 16:12:38 CST 2016 - performed inventory of /cms/store/ with exit code 0
Sat Jan 23 00:11:04 CST 2016 - performed inventory of /cms/store/ with exit code 0
Sat Jan 23 08:15:11 CST 2016 - performed inventory of /cms/store/ with exit code 0
Sat Jan 23 16:13:18 CST 2016 - performed inventory of /cms/store/ with exit code 0
Sun Jan 24 00:10:24 CST 2016 - performed inventory of /cms/store/ with exit code 0
Sun Jan 24 08:15:31 CST 2016 - performed inventory of /cms/store/ with exit code 0
Sun Jan 24 16:13:58 CST 2016 - performed inventory of /cms/store/ with exit code 0
Mon Jan 25 00:10:24 CST 2016 - performed inventory of /cms/store/ with exit code 0
Mon Jan 25 08:15:11 CST 2016 - performed inventory of /cms/store/ with exit code 0
Mon Jan 25 16:15:02 CST 2016 - performed inventory of /cms/store/ with exit code 0
Tue Jan 26 00:10:13 CST 2016 - performed inventory of /cms/store/ with exit code 0
Tue Jan 26 08:15:05 CST 2016 - performed inventory of /cms/store/ with exit code 0
Tue Jan 26 16:16:19 CST 2016 - performed inventory of /cms/store/ with exit code 0
Wed Jan 27 00:08:49 CST 2016 - performed inventory of /cms/store/ with exit code 0
Wed Jan 27 08:15:17 CST 2016 - performed inventory of /cms/store/ with exit code 0
