Tue Jan 12 16:44:46 CST 2016 - performed inventory of /cms/store/hidata/ with exit code 0
Wed Jan 13 00:01:02 CST 2016 - performed inventory of /cms/store/hidata/ with exit code 0
Wed Jan 13 08:06:48 CST 2016 - performed inventory of /cms/store/hidata/ with exit code 0
Wed Jan 13 16:07:16 CST 2016 - performed inventory of /cms/store/hidata/ with exit code 0
Thu Jan 14 00:06:49 CST 2016 - performed inventory of /cms/store/hidata/ with exit code 0
Thu Jan 14 08:06:47 CST 2016 - performed inventory of /cms/store/hidata/ with exit code 0
Thu Jan 14 16:06:34 CST 2016 - performed inventory of /cms/store/hidata/ with exit code 0
Fri Jan 15 00:06:34 CST 2016 - performed inventory of /cms/store/hidata/ with exit code 0
Fri Jan 15 08:06:46 CST 2016 - performed inventory of /cms/store/hidata/ with exit code 0
Fri Jan 15 16:06:41 CST 2016 - performed inventory of /cms/store/hidata/ with exit code 0
Sat Jan 16 00:06:50 CST 2016 - performed inventory of /cms/store/hidata/ with exit code 0
Sat Jan 16 08:06:38 CST 2016 - performed inventory of /cms/store/hidata/ with exit code 0
Sat Jan 16 16:07:04 CST 2016 - performed inventory of /cms/store/hidata/ with exit code 0
Sun Jan 17 00:06:38 CST 2016 - performed inventory of /cms/store/hidata/ with exit code 0
Sun Jan 17 08:06:55 CST 2016 - performed inventory of /cms/store/hidata/ with exit code 0
Sun Jan 17 16:37:41 CST 2016 - performed inventory of /cms/store/hidata/ with exit code 0
Mon Jan 18 00:06:40 CST 2016 - performed inventory of /cms/store/hidata/ with exit code 0
Mon Jan 18 08:06:51 CST 2016 - performed inventory of /cms/store/hidata/ with exit code 0
Mon Jan 18 16:06:39 CST 2016 - performed inventory of /cms/store/hidata/ with exit code 0
Tue Jan 19 00:06:55 CST 2016 - performed inventory of /cms/store/hidata/ with exit code 0
Tue Jan 19 08:07:21 CST 2016 - performed inventory of /cms/store/hidata/ with exit code 0
Tue Jan 19 16:07:05 CST 2016 - performed inventory of /cms/store/hidata/ with exit code 0
Wed Jan 20 00:06:51 CST 2016 - performed inventory of /cms/store/hidata/ with exit code 0
Wed Jan 20 08:06:34 CST 2016 - performed inventory of /cms/store/hidata/ with exit code 0
Wed Jan 20 16:07:19 CST 2016 - performed inventory of /cms/store/hidata/ with exit code 0
Thu Jan 21 00:06:40 CST 2016 - performed inventory of /cms/store/hidata/ with exit code 0
Thu Jan 21 08:06:36 CST 2016 - performed inventory of /cms/store/hidata/ with exit code 0
Thu Jan 21 16:07:09 CST 2016 - performed inventory of /cms/store/hidata/ with exit code 0
Fri Jan 22 00:06:52 CST 2016 - performed inventory of /cms/store/hidata/ with exit code 0
Fri Jan 22 08:06:49 CST 2016 - performed inventory of /cms/store/hidata/ with exit code 0
Fri Jan 22 16:06:48 CST 2016 - performed inventory of /cms/store/hidata/ with exit code 0
Sat Jan 23 00:06:54 CST 2016 - performed inventory of /cms/store/hidata/ with exit code 0
Sat Jan 23 08:06:58 CST 2016 - performed inventory of /cms/store/hidata/ with exit code 0
Sat Jan 23 16:06:37 CST 2016 - performed inventory of /cms/store/hidata/ with exit code 0
Sun Jan 24 00:06:36 CST 2016 - performed inventory of /cms/store/hidata/ with exit code 0
Sun Jan 24 08:06:46 CST 2016 - performed inventory of /cms/store/hidata/ with exit code 0
Sun Jan 24 16:07:10 CST 2016 - performed inventory of /cms/store/hidata/ with exit code 0
Mon Jan 25 00:06:36 CST 2016 - performed inventory of /cms/store/hidata/ with exit code 0
Mon Jan 25 08:06:59 CST 2016 - performed inventory of /cms/store/hidata/ with exit code 0
Mon Jan 25 16:07:21 CST 2016 - performed inventory of /cms/store/hidata/ with exit code 0
Tue Jan 26 00:06:51 CST 2016 - performed inventory of /cms/store/hidata/ with exit code 0
Tue Jan 26 08:07:03 CST 2016 - performed inventory of /cms/store/hidata/ with exit code 0
Tue Jan 26 16:07:19 CST 2016 - performed inventory of /cms/store/hidata/ with exit code 0
Wed Jan 27 00:06:39 CST 2016 - performed inventory of /cms/store/hidata/ with exit code 0
Wed Jan 27 08:07:25 CST 2016 - performed inventory of /cms/store/hidata/ with exit code 0
